<?xml version='1.0' encoding='UTF-8'?>
<result plugin="junit@1.20">
  <suites>
    <suite>
      <file>/var/lib/jenkins/workspace/cicdRFI/target/surefire-reports/TEST-com.karsun.kic.test.RootRestControllerTest.xml</file>
      <name>com.karsun.kic.test.RootRestControllerTest</name>
      <duration>0.102</duration>
      <time>0.102</time>
      <cases>
        <case>
          <duration>0.102</duration>
          <className>com.karsun.kic.test.RootRestControllerTest</className>
          <testName>getHello</testName>
          <skipped>false</skipped>
          <failedSince>0</failedSince>
        </case>
      </cases>
    </suite>
  </suites>
  <duration>0.102</duration>
  <keepLongStdio>false</keepLongStdio>
</result>